faceunity/build/outputs/logs/manifest-merger-release-report.txt
-- Merging decision tree log ---
manifest
ADDED from SanQin-Version-1.2.4\faceunity\AndroidManifest.xml:1:1-10:12
INJECTED from SanQin-Version-1.2.4\faceunity\AndroidManifest.xml:1:1-10:12
INJECTED from SanQin-Version-1.2.4\faceunity\AndroidManifest.xml:1:1-10:12
	package
		ADDED from SanQin-Version-1.2.4\faceunity\AndroidManifest.xml:3:5-28
		INJECTED from SanQin-Version-1.2.4\faceunity\AndroidManifest.xml
		INJECTED from SanQin-Version-1.2.4\faceunity\AndroidManifest.xml
	xmlns:android
		ADDED from SanQin-Version-1.2.4\faceunity\AndroidManifest.xml:1:11-69
application
ADDED from SanQin-Version-1.2.4\faceunity\AndroidManifest.xml:5:5-8:19
	android:supportsRtl
		ADDED from SanQin-Version-1.2.4\faceunity\AndroidManifest.xml:6:9-35
	android:label
		ADDED from SanQin-Version-1.2.4\faceunity\AndroidManifest.xml:5:45-77
	android:allowBackup
		ADDED from SanQin-Version-1.2.4\faceunity\AndroidManifest.xml:5:18-44
uses-sdk
INJECTED from SanQin-Version-1.2.4\faceunity\AndroidManifest.xml reason: use-sdk injection requested
INJECTED from SanQin-Version-1.2.4\faceunity\AndroidManifest.xml
INJECTED from SanQin-Version-1.2.4\faceunity\AndroidManifest.xml
INJECTED from SanQin-Version-1.2.4\faceunity\AndroidManifest.xml
INJECTED from SanQin-Version-1.2.4\faceunity\AndroidManifest.xml
	android:targetSdkVersion
		INJECTED from SanQin-Version-1.2.4\faceunity\AndroidManifest.xml
		ADDED from SanQin-Version-1.2.4\faceunity\AndroidManifest.xml
		INJECTED from SanQin-Version-1.2.4\faceunity\AndroidManifest.xml
	android:minSdkVersion
		INJECTED from SanQin-Version-1.2.4\faceunity\AndroidManifest.xml
		ADDED from SanQin-Version-1.2.4\faceunity\AndroidManifest.xml
		INJECTED from SanQin-Version-1.2.4\faceunity\AndroidManifest.xml